

Microchip MPLAB XC8 Assembler V2.10 build 88905656 
                                                                                                           Mon Dec 25 09:53:28 2023


     1                           	processor	18F62F0GX
     2                           	opt	pw 132
     3                           	psect	config,global,class=CONFIG,delta=1,noexec
     4                           	psect	idloc,global,class=IDLOC,delta=1,noexec
     5                           	psect	const,global,reloc=2,class=CONST,delta=1,noexec
     6                           	psect	smallconst,global,reloc=2,class=SMALLCONST,delta=1,noexec
     7                           	psect	mediumconst,global,reloc=2,class=MEDIUMCONST,delta=1,noexec
     8                           	psect	rbss,global,class=COMRAM,space=1,delta=1,noexec
     9                           	psect	bss,global,class=RAM,space=1,delta=1,noexec
    10                           	psect	rdata,global,class=COMRAM,space=1,delta=1,noexec
    11                           	psect	irdata,global,reloc=2,class=CODE,delta=1,noexec
    12                           	psect	data,global,class=RAM,space=1,delta=1,noexec
    13                           	psect	idata,global,reloc=2,class=CODE,delta=1,noexec
    14                           	psect	nvrram,global,class=COMRAM,space=1,delta=1,noexec
    15                           	psect	nvbit,global,bit,class=COMRAM,space=1,delta=1,noexec
    16                           	psect	temp,global,ovrld,class=COMRAM,space=1,delta=1,noexec
    17                           	psect	struct,global,ovrld,class=COMRAM,space=1,delta=1,noexec
    18                           	psect	rbit,global,bit,class=COMRAM,space=1,delta=1,noexec
    19                           	psect	bigbss,global,class=BIGRAM,space=1,delta=1,noexec
    20                           	psect	bigdata,global,class=BIGRAM,space=1,delta=1,noexec
    21                           	psect	ibigdata,global,reloc=2,class=CODE,delta=1,noexec
    22                           	psect	farbss,global,reloc=2,class=FARRAM,delta=1,noexec
    23                           	psect	nvFARRAM,global,reloc=2,class=FARRAM,delta=1,noexec
    24                           	psect	fardata,global,reloc=2,class=FARRAM,delta=1,noexec
    25                           	psect	ifardata,global,reloc=2,class=CODE,delta=1,noexec
    26                           	psect	reset_vec,global,reloc=2,class=CODE,delta=1
    27                           	psect	powerup,global,reloc=2,class=CODE,delta=1
    28                           	psect	init,global,reloc=2,class=CODE,delta=1
    29                           	psect	text,global,reloc=2,class=CODE,delta=1
    30                           	psect	clrtext,global,reloc=2,class=CODE,delta=1
    31                           	psect	intcode,global,reloc=2,class=CODE,delta=1
    32                           	psect	intcode_body,global,reloc=2,class=CODE,delta=1
    33                           	psect	intcodelo,global,reloc=2,class=CODE,delta=1
    34                           	psect	intret,global,reloc=2,class=CODE,delta=1
    35                           	psect	intentry,global,reloc=2,class=CODE,delta=1
    36                           	psect	intsave_regs,global,class=BIGRAM,space=1,delta=1
    37                           	psect	eeprom_data,global,class=EEDATA,delta=1,noexec
    38                           	psect	ramtop,global,class=RAM,delta=1,noexec
    39                           	psect	stack,global,class=STACK,space=2,delta=1,noexec
    40                           	psect	comram,global,class=COMRAM,space=1,delta=1
    41                           	psect	abs1,global,class=ABS1,space=1,delta=1
    42                           	psect	bigram,global,class=BIGRAM,space=1,delta=1
    43                           	psect	ram,global,class=RAM,space=1,delta=1
    44                           	psect	bank0,global,class=BANK0,space=1,delta=1
    45                           	psect	bank1,global,class=BANK1,space=1,delta=1
    46                           	psect	bank2,global,class=BANK2,space=1,delta=1
    47                           	psect	bank3,global,class=BANK3,space=1,delta=1
    48                           	psect	bank4,global,class=BANK4,space=1,delta=1
    49                           	psect	bank5,global,class=BANK5,space=1,delta=1
    50                           	psect	bank6,global,class=BANK6,space=1,delta=1
    51                           	psect	bank7,global,class=BANK7,space=1,delta=1
    52                           	psect	sfr,global,class=SFR,space=1,delta=1
    53                           
    54                           ; Microchip MPLAB XC8 C Compiler V2.10
    55                           ; Copyright (C) 2019 Microchip Technology Inc.
    56                           ; Auto-generated runtime startup code for final link stage.
    57                           ;
    58                           ; Compiler options:
    59                           ;
    60                           ; -mtouchlib_6017.map --summary=default --output=default main.p1 led.p1 \
    61                           ; uart.p1 tm1629b.p1 display.p1 beep.p1 touchkey.p1 gpio_init.p1 \
    62                           ; encoder.p1 eeprom.p1 uart2.p1 voice.p1 irkey.p1 control.p1 \
    63                           ; setsysdata.p1 touch_test.lpp --chip=18F62F0GX -P --runtime=default \
    64                           ; --opt=default -D__DEBUG=1 -g --asmlist \
    65                           ; --errformat=Error   [%n] %f; %l.%c %s --msgformat=Advisory[%n] %s \
    66                           ; --warnformat=Warning [%n] %f; %l.%c %s
    67                           ;
    68  0000                     
    69                           ; Version 2.20
    70                           ; Generated 09/04/2020 GMT
    71                           ; 
    72                           ; Copyright © 2020, Microchip Technology Inc. and its subsidiaries ("Microchip")
    73                           ; All rights reserved.
    74                           ; 
    75                           ; This software is developed by Microchip Technology Inc. and its subsidiaries ("Microchip").
    76                           ; 
    77                           ; Redistribution and use in source and binary forms, with or without modification, are
    78                           ; permitted provided that the following conditions are met:
    79                           ; 
    80                           ;     1. Redistributions of source code must retain the above copyright notice, this list of
    81                           ;        conditions and the following disclaimer.
    82                           ; 
    83                           ;     2. Redistributions in binary form must reproduce the above copyright notice, this list
    84                           ;        of conditions and the following disclaimer in the documentation and/or other
    85                           ;        materials provided with the distribution.
    86                           ; 
    87                           ;     3. Microchip's name may not be used to endorse or promote products derived from this
    88                           ;        software without specific prior written permission.
    89                           ; 
    90                           ; THIS SOFTWARE IS PROVIDED BY MICROCHIP "AS IS" AND ANY EXPRESS OR IMPLIED WARRANTIES,
    91                           ; INCLUDING, BUT NOT LIMITED TO, THE IMPLIED WARRANTIES OF MERCHANTABILITY AND FITNESS FOR
    92                           ; PURPOSE ARE DISCLAIMED.  IN NO EVENT SHALL MICROCHIP BE LIABLE FOR ANY DIRECT, INDIRECT,
    93                           ; INCIDENTAL, SPECIAL, EXEMPLARY, OR CONSEQUENTIAL DAMAGES (INCLUDING BUT NOT LIMITED TO
    94                           ; PROCUREMENT OF SUBSTITUTE GOODS OR SERVICES; LOSS OF USE, DATA OR PROFITS; OR BUSINESS
    95                           ; INTERRUPTION) HOWSOEVER CAUSED AND ON ANY THEORY OF LIABILITY, WHETHER IN CONTRACT, STRICT
    96                           ; LIABILITY, OR TORT (INCLUDING NEGLIGENCE OR OTHERWISE) ARISING IN ANY WAY OUT OF THE USE OF
    97                           ; THIS SOFTWARE, EVEN IF ADVISED OF THE POSSIBILITY OF SUCH DAMAGE.
    98                           ; 
    99                           ; 
   100                           ; Code-generator required, PIC18F44K20 Definitions
   101                           ; 
   102                           ; SFR Addresses
   103  0000                     
   104                           	psect	smallconst
   105  000800                     __smallconst:
   106                           	opt callstack 0
   107                           
   108                           	psect	mediumconst
   109  000000                     __mediumconst:
   110                           	opt callstack 0	; top of RAM usage
   111                           
   112                           	psect	reset_vec
   113  000000                     
   114                           ; No powerup routine
   115                           ; jump to start
   116  000000  EF13  F000         	goto	start
   117  0000                     
   118                           ;Initialize the stack pointer (FSR1)
   119  0000                     
   120                           	psect	init
   121  000026                     start:
   122                           	opt callstack 0
   123  000026  EF5F  F025         	goto	start_initialization	;jump to C runtime clear & initialization
   124                           
   125                           	psect	text
   126  000000                     intlevel0:
   127                           	opt callstack 0
   128  000000                     intlevel1:
   129                           	opt callstack 0
   130  000000                     intlevel2:
   131                           	opt callstack 0
   132  000000                     intlevel3:
   133                           	opt callstack 0
   134                           
   135                           	psect	ramtop
   136  000800                     __ramtop:
   137                           	opt callstack 0
   138                           
   139                           	psect	stack
   140  000000                     ___sp:
   141                           	opt callstack 0
   142  000000                     ___inthi_sp:
   143                           	opt callstack 0
   144  000000                     ___intlo_sp:
   145                           	opt callstack 0
   146                           (null)	equ	0x0
   147                           (null)	equ	0x0
   148                           (null)	equ	0x0
   149                           (null)	equ	0x0
   150                           (null)	equ	0x0
   151                           (null)	equ	0x0
   152                           (null)	equ	0x0
   153                           (null)	equ	0x0
   154                           (null)	equ	0x0
   155                           (null)	equ	0x0
   156                           (null)	equ	0x0
   157                           (null)	equ	0x0
   158                           (null)	equ	0x0
   159                           (null)	equ	0x0
   160                           (null)	equ	0x0
   161                           (null)	equ	0x0
   162                           (null)	equ	0x0
   163                           (null)	equ	0x0
   164                           (null)	equ	0x0
   165                           (null)	equ	0x0
   166                           (null)	equ	0x0
   167                           (null)	equ	0x0
   168                           (null)	equ	0x0
   169                           (null)	equ	0x0
   170                           (null)	equ	0x0
   171                           (null)	equ	0x0
   172                           (null)	equ	0x0
   173                           (null)	equ	0x0
   174                           (null)	equ	0x0
   175                           (null)	equ	0x0
   176                           (null)	equ	0x0
   177                           (null)	equ	0x0
   178                           (null)	equ	0x0
   179                           (null)	equ	0x0
   180                           (null)	equ	0x0
   181                           (null)	equ	0x0
   182                           (null)	equ	0x0


Microchip Technology PIC18 Macro Assembler V2.10 build 88905656 
Symbol Table                                                                                               Mon Dec 25 09:53:28 2023

                __S1 02BF                 ___sp 0000                 _main 2CAA                 start 0026  
              __HRAM 0000                __LRAM 0001         __mediumconst 0000               stackhi 0007FF  
             stacklo 0002BF           __accesstop 000060           ___inthi_sp 0000           ___intlo_sp 0000  
            __ramtop 0800  start_initialization 4ABE          __smallconst 0800             intlevel0 0000  
           intlevel1 0000             intlevel2 0000             intlevel3 0000             reset_vec 0000  
